[35m[1mScanning dependencies of target talker[0m
[ 50%] [32mBuilding CXX object CMakeFiles/talker.dir/src/publish_thing.cpp.o[0m
[01m[K/home/matt/catkin_ws/src/path_follow/src/publish_thing.cpp:17:1:[m[K [01;35m[Kwarning: [m[Kmissing terminating ' character
   17 | [01;35m[K'[m[K
      | [01;35m[K^[m[K
[01m[K/home/matt/catkin_ws/src/path_follow/src/publish_thing.cpp:17:1:[m[K [01;31m[Kerror: [m[Kmissing terminating ' character
[01m[K/home/matt/catkin_ws/src/path_follow/src/publish_thing.cpp:30:1:[m[K [01;35m[Kwarning: [m[Kmissing terminating ' character
   30 | [01;35m[K'[m[K;
      | [01;35m[K^[m[K
[01m[K/home/matt/catkin_ws/src/path_follow/src/publish_thing.cpp:30:1:[m[K [01;31m[Kerror: [m[Kmissing terminating ' character
   30 | [01;31m[K';[m[K
      | [01;31m[K^~[m[K
[01m[K/home/matt/catkin_ws/src/path_follow/src/publish_thing.cpp:[m[K In function â€˜[01m[Kint main(int, char**)[m[Kâ€™:
[01m[K/home/matt/catkin_ws/src/path_follow/src/publish_thing.cpp:16:9:[m[K [01;31m[Kerror: [m[Kâ€˜[01m[Kgeometry_msgs::PoseStamped[m[Kâ€™ {aka â€˜[01m[Kstruct geometry_msgs::PoseStamped_<std::allocator<void> >[m[Kâ€™} has no member named â€˜[01m[Kdata[m[Kâ€™
   16 |     msg.[01;31m[Kdata[m[K =
      |         [01;31m[K^~~~[m[K
[01m[K/home/matt/catkin_ws/src/path_follow/src/publish_thing.cpp:18:7:[m[K [01;31m[Kerror: [m[Kfound â€˜[01m[K:[m[Kâ€™ in nested-name-specifier, expected â€˜[01m[K::[m[Kâ€™
   18 | header[01;31m[K:[m[K
      |       [01;31m[K^[m[K
      |       [32m[K::[m[K
[01m[K/home/matt/catkin_ws/src/path_follow/src/publish_thing.cpp:18:1:[m[K [01;31m[Kerror: [m[Kâ€˜[01m[Kheader[m[Kâ€™ has not been declared
   18 | [01;31m[Kheader[m[K:
      | [01;31m[K^~~~~~[m[K
make[2]: *** [CMakeFiles/talker.dir/build.make:63: CMakeFiles/talker.dir/src/publish_thing.cpp.o] Error 1
make[1]: *** [CMakeFiles/Makefile2:155: CMakeFiles/talker.dir/all] Error 2
make: *** [Makefile:141: all] Error 2
