[01m[K/home/matt/catkin_ws/src/path_follow/src/publish_path.cpp:4:10:[m[K [01;31m[Kfatal error: [m[Knav_msgs/Odometry: No such file or directory
    4 | #include [01;31m[K"nav_msgs/Odometry"[m[K
      |          [01;31m[K^~~~~~~~~~~~~~~~~~~[m[K
compilation terminated.
make[2]: *** [CMakeFiles/path_talker.dir/build.make:63: CMakeFiles/path_talker.dir/src/publish_path.cpp.o] Error 1
make[1]: *** [CMakeFiles/Makefile2:346: CMakeFiles/path_talker.dir/all] Error 2
make: *** [Makefile:141: all] Error 2
