[01m[K/home/matt/catkin_ws/src/path_follow/src/publish_path.cpp:[m[K In function â€˜[01m[Kint main(int, char**)[m[Kâ€™:
[01m[K/home/matt/catkin_ws/src/path_follow/src/publish_path.cpp:61:60:[m[K [01;31m[Kerror: [m[Kassigning to an array from an initializer list
   61 |     curent_path = {path[0][idx], path[1][idx], path[2][idx][01;31m[K}[m[K;
      |                                                            [01;31m[K^[m[K
In file included from [01m[K/opt/ros/noetic/include/ros/ros.h:40[m[K,
                 from [01m[K/home/matt/catkin_ws/src/path_follow/src/publish_path.cpp:1[m[K:
[01m[K/home/matt/catkin_ws/src/path_follow/src/publish_path.cpp:62:36:[m[K [01;31m[Kerror: [m[Kâ€˜[01m[Kcurrent_path[m[Kâ€™ was not declared in this scope; did you mean â€˜[01m[Kcurent_path[m[Kâ€™?
   62 |     ROS_INFO("RMSE: %.2f", GetRMSE([01;31m[Kcurrent_path[m[K));
      |                                    [01;31m[K^~~~~~~~~~~~[m[K
[01m[K/opt/ros/noetic/include/ros/console.h:351:165:[m[K [01;36m[Knote: [m[Kin definition of macro â€˜[01m[KROSCONSOLE_PRINT_AT_LOCATION_WITH_FILTER[m[Kâ€™
  351 |     ::ros::console::print(filter, __rosconsole_define_location__loc.logger_, __rosconsole_define_location__loc.level_, __FILE__, __LINE__, __ROSCONSOLE_FUNCTION__, [01;36m[K__VA_ARGS__[m[K)
      |                                                                                                                                                                     [01;36m[K^~~~~~~~~~~[m[K
[01m[K/opt/ros/noetic/include/ros/console.h:390:7:[m[K [01;36m[Knote: [m[Kin expansion of macro â€˜[01m[KROSCONSOLE_PRINT_AT_LOCATION[m[Kâ€™
  390 |       [01;36m[KROSCONSOLE_PRINT_AT_LOCATION[m[K(__VA_ARGS__); \
      |       [01;36m[K^~~~~~~~~~~~~~~~~~~~~~~~~~~~[m[K
[01m[K/opt/ros/noetic/include/ros/console.h:575:35:[m[K [01;36m[Knote: [m[Kin expansion of macro â€˜[01m[KROS_LOG_COND[m[Kâ€™
  575 | #define ROS_LOG(level, name, ...) [01;36m[KROS_LOG_COND[m[K(true, level, name, __VA_ARGS__)
      |                                   [01;36m[K^~~~~~~~~~~~[m[K
[01m[K/opt/ros/noetic/include/rosconsole/macros_generated.h:110:23:[m[K [01;36m[Knote: [m[Kin expansion of macro â€˜[01m[KROS_LOG[m[Kâ€™
  110 | #define ROS_INFO(...) [01;36m[KROS_LOG[m[K(::ros::console::levels::Info, ROSCONSOLE_DEFAULT_NAME, __VA_ARGS__)
      |                       [01;36m[K^~~~~~~[m[K
[01m[K/home/matt/catkin_ws/src/path_follow/src/publish_path.cpp:62:5:[m[K [01;36m[Knote: [m[Kin expansion of macro â€˜[01m[KROS_INFO[m[Kâ€™
   62 |     [01;36m[KROS_INFO[m[K("RMSE: %.2f", GetRMSE(current_path));
      |     [01;36m[K^~~~~~~~[m[K
make[2]: *** [CMakeFiles/path_talker.dir/build.make:63: CMakeFiles/path_talker.dir/src/publish_path.cpp.o] Error 1
make[1]: *** [CMakeFiles/Makefile2:346: CMakeFiles/path_talker.dir/all] Error 2
make: *** [Makefile:141: all] Error 2
