[ 33%] [32mBuilding CXX object CMakeFiles/commander_node.dir/src/commander_class.cpp.o[0m
[ 66%] [32mBuilding CXX object CMakeFiles/commander_node.dir/src/commander.cpp.o[0m
In file included from [01m[K/home/matt/catkin_ws/src/survey_commander/commander/src/commander.cpp:2[m[K:
[01m[K/home/matt/catkin_ws/src/survey_commander/commander/include/commander.h:15:10:[m[K [01;31m[Kfatal error: [m[KEigen/Eigen: No such file or directory
   15 | #include [01;31m[K<Eigen/Eigen>[m[K
      |          [01;31m[K^~~~~~~~~~~~~[m[K
compilation terminated.
In file included from [01m[K/home/matt/catkin_ws/src/survey_commander/commander/src/commander_class.cpp:1[m[K:
[01m[K/home/matt/catkin_ws/src/survey_commander/commander/include/commander.h:15:10:[m[K [01;31m[Kfatal error: [m[KEigen/Eigen: No such file or directory
   15 | #include [01;31m[K<Eigen/Eigen>[m[K
      |          [01;31m[K^~~~~~~~~~~~~[m[K
compilation terminated.
make[2]: *** [CMakeFiles/commander_node.dir/build.make:76: CMakeFiles/commander_node.dir/src/commander.cpp.o] Error 1
make[2]: *** Waiting for unfinished jobs....
make[2]: *** [CMakeFiles/commander_node.dir/build.make:63: CMakeFiles/commander_node.dir/src/commander_class.cpp.o] Error 1
make[1]: *** [CMakeFiles/Makefile2:1513: CMakeFiles/commander_node.dir/all] Error 2
make: *** [Makefile:141: all] Error 2
