[35m[1mScanning dependencies of target read_stereo[0m
[ 50%] [32mBuilding CXX object CMakeFiles/read_stereo.dir/src/read_stereo.cpp.o[0m
[01m[K/home/matt/catkin_ws/src/path_gen/src/read_stereo.cpp:[m[K In function â€˜[01m[Kfloat GetHeight(pcl::PointCloud<pcl::PointXYZ>&, int, int, int, int)[m[Kâ€™:
[01m[K/home/matt/catkin_ws/src/path_gen/src/read_stereo.cpp:24:32:[m[K [01;31m[Kerror: [m[Kcannot convert â€˜[01m[Kfloat[m[Kâ€™ to â€˜[01m[Kfloat*[m[Kâ€™ in assignment
   24 |         grads[grad_cnt++] = [01;31m[Kabs(grad)[m[K;
      |                             [01;31m[K~~~^~~~~~[m[K
      |                                [01;31m[K|[m[K
      |                                [01;31m[Kfloat[m[K
[01m[K/home/matt/catkin_ws/src/path_gen/src/read_stereo.cpp:31:14:[m[K [01;31m[Kerror: [m[Kinvalid operands of types â€˜[01m[Kfloat[m[Kâ€™ and â€˜[01m[Kfloat*[m[Kâ€™ to binary â€˜[01m[Koperator+[m[Kâ€™
   31 |     [01;31m[Kgrad_sum += grads[i][m[K;
      |     [01;31m[K~~~~~~~~~^~~~~~~~~~~[m[K
[01m[K/home/matt/catkin_ws/src/path_gen/src/read_stereo.cpp:31:24:[m[K [01;31m[Kerror: [m[K  in evaluation of â€˜[01m[Koperator+=(float, float*)[m[Kâ€™
   31 |     grad_sum += grads[i[01;31m[K][m[K;
      |                        [01;31m[K^[m[K
make[2]: *** [CMakeFiles/read_stereo.dir/build.make:63: CMakeFiles/read_stereo.dir/src/read_stereo.cpp.o] Error 1
make[1]: *** [CMakeFiles/Makefile2:488: CMakeFiles/read_stereo.dir/all] Error 2
make: *** [Makefile:141: all] Error 2
