[01m[K/home/matt/catkin_ws/src/path_gen/src/read_stereo.cpp:[m[K In function â€˜[01m[Kvoid cloud_cb(const PointCloud2ConstPtr&)[m[Kâ€™:
[01m[K/home/matt/catkin_ws/src/path_gen/src/read_stereo.cpp:23:19:[m[K [01;31m[Kerror: [m[Kno matching function for call to â€˜[01m[Kcv::Mat::at(int&, int&)[m[Kâ€™
   23 |         img.at(i,j[01;31m[K)[m[K = static_cast<uint8_t>((pcl_cloud.at(j,i).z/18) * 255);
      |                   [01;31m[K^[m[K
In file included from [01m[K/usr/include/opencv4/opencv2/core.hpp:59[m[K,
                 from [01m[K/usr/include/opencv4/opencv2/opencv.hpp:52[m[K,
                 from [01m[K/home/matt/catkin_ws/src/path_gen/src/read_stereo.cpp:6[m[K:
[01m[K/usr/include/opencv4/opencv2/core/mat.hpp:1911:33:[m[K [01;36m[Knote: [m[Kcandidate: â€˜[01m[Ktemplate<class _Tp> _Tp& cv::Mat::at(int)[m[Kâ€™
 1911 |     template<typename _Tp> _Tp& [01;36m[Kat[m[K(int i0=0);
      |                                 [01;36m[K^~[m[K
[01m[K/usr/include/opencv4/opencv2/core/mat.hpp:1911:33:[m[K [01;36m[Knote: [m[K  template argument deduction/substitution failed:
[01m[K/home/matt/catkin_ws/src/path_gen/src/read_stereo.cpp:23:19:[m[K [01;36m[Knote: [m[K  candidate expects 1 argument, 2 provided
   23 |         img.at(i,j[01;36m[K)[m[K = static_cast<uint8_t>((pcl_cloud.at(j,i).z/18) * 255);
      |                   [01;36m[K^[m[K
In file included from [01m[K/usr/include/opencv4/opencv2/core.hpp:59[m[K,
                 from [01m[K/usr/include/opencv4/opencv2/opencv.hpp:52[m[K,
                 from [01m[K/home/matt/catkin_ws/src/path_gen/src/read_stereo.cpp:6[m[K:
[01m[K/usr/include/opencv4/opencv2/core/mat.hpp:1915:39:[m[K [01;36m[Knote: [m[Kcandidate: â€˜[01m[Ktemplate<class _Tp> const _Tp& cv::Mat::at(int) const[m[Kâ€™
 1915 |     template<typename _Tp> const _Tp& [01;36m[Kat[m[K(int i0=0) const;
      |                                       [01;36m[K^~[m[K
[01m[K/usr/include/opencv4/opencv2/core/mat.hpp:1915:39:[m[K [01;36m[Knote: [m[K  template argument deduction/substitution failed:
[01m[K/home/matt/catkin_ws/src/path_gen/src/read_stereo.cpp:23:19:[m[K [01;36m[Knote: [m[K  candidate expects 1 argument, 2 provided
   23 |         img.at(i,j[01;36m[K)[m[K = static_cast<uint8_t>((pcl_cloud.at(j,i).z/18) * 255);
      |                   [01;36m[K^[m[K
In file included from [01m[K/usr/include/opencv4/opencv2/core.hpp:59[m[K,
                 from [01m[K/usr/include/opencv4/opencv2/opencv.hpp:52[m[K,
                 from [01m[K/home/matt/catkin_ws/src/path_gen/src/read_stereo.cpp:6[m[K:
[01m[K/usr/include/opencv4/opencv2/core/mat.hpp:1920:33:[m[K [01;36m[Knote: [m[Kcandidate: â€˜[01m[Ktemplate<class _Tp> _Tp& cv::Mat::at(int, int)[m[Kâ€™
 1920 |     template<typename _Tp> _Tp& [01;36m[Kat[m[K(int row, int col);
      |                                 [01;36m[K^~[m[K
[01m[K/usr/include/opencv4/opencv2/core/mat.hpp:1920:33:[m[K [01;36m[Knote: [m[K  template argument deduction/substitution failed:
[01m[K/home/matt/catkin_ws/src/path_gen/src/read_stereo.cpp:23:19:[m[K [01;36m[Knote: [m[K  couldnâ€™t deduce template parameter â€˜[01m[K_Tp[m[Kâ€™
   23 |         img.at(i,j[01;36m[K)[m[K = static_cast<uint8_t>((pcl_cloud.at(j,i).z/18) * 255);
      |                   [01;36m[K^[m[K
In file included from [01m[K/usr/include/opencv4/opencv2/core.hpp:59[m[K,
                 from [01m[K/usr/include/opencv4/opencv2/opencv.hpp:52[m[K,
                 from [01m[K/home/matt/catkin_ws/src/path_gen/src/read_stereo.cpp:6[m[K:
[01m[K/usr/include/opencv4/opencv2/core/mat.hpp:1925:39:[m[K [01;36m[Knote: [m[Kcandidate: â€˜[01m[Ktemplate<class _Tp> const _Tp& cv::Mat::at(int, int) const[m[Kâ€™
 1925 |     template<typename _Tp> const _Tp& [01;36m[Kat[m[K(int row, int col) const;
      |                                       [01;36m[K^~[m[K
[01m[K/usr/include/opencv4/opencv2/core/mat.hpp:1925:39:[m[K [01;36m[Knote: [m[K  template argument deduction/substitution failed:
[01m[K/home/matt/catkin_ws/src/path_gen/src/read_stereo.cpp:23:19:[m[K [01;36m[Knote: [m[K  couldnâ€™t deduce template parameter â€˜[01m[K_Tp[m[Kâ€™
   23 |         img.at(i,j[01;36m[K)[m[K = static_cast<uint8_t>((pcl_cloud.at(j,i).z/18) * 255);
      |                   [01;36m[K^[m[K
In file included from [01m[K/usr/include/opencv4/opencv2/core.hpp:59[m[K,
                 from [01m[K/usr/include/opencv4/opencv2/opencv.hpp:52[m[K,
                 from [01m[K/home/matt/catkin_ws/src/path_gen/src/read_stereo.cpp:6[m[K:
[01m[K/usr/include/opencv4/opencv2/core/mat.hpp:1932:33:[m[K [01;36m[Knote: [m[Kcandidate: â€˜[01m[Ktemplate<class _Tp> _Tp& cv::Mat::at(int, int, int)[m[Kâ€™
 1932 |     template<typename _Tp> _Tp& [01;36m[Kat[m[K(int i0, int i1, int i2);
      |                                 [01;36m[K^~[m[K
[01m[K/usr/include/opencv4/opencv2/core/mat.hpp:1932:33:[m[K [01;36m[Knote: [m[K  template argument deduction/substitution failed:
[01m[K/home/matt/catkin_ws/src/path_gen/src/read_stereo.cpp:23:19:[m[K [01;36m[Knote: [m[K  candidate expects 3 arguments, 2 provided
   23 |         img.at(i,j[01;36m[K)[m[K = static_cast<uint8_t>((pcl_cloud.at(j,i).z/18) * 255);
      |                   [01;36m[K^[m[K
In file included from [01m[K/usr/include/opencv4/opencv2/core.hpp:59[m[K,
                 from [01m[K/usr/include/opencv4/opencv2/opencv.hpp:52[m[K,
                 from [01m[K/home/matt/catkin_ws/src/path_gen/src/read_stereo.cpp:6[m[K:
[01m[K/usr/include/opencv4/opencv2/core/mat.hpp:1938:39:[m[K [01;36m[Knote: [m[Kcandidate: â€˜[01m[Ktemplate<class _Tp> const _Tp& cv::Mat::at(int, int, int) const[m[Kâ€™
 1938 |     template<typename _Tp> const _Tp& [01;36m[Kat[m[K(int i0, int i1, int i2) const;
      |                                       [01;36m[K^~[m[K
[01m[K/usr/include/opencv4/opencv2/core/mat.hpp:1938:39:[m[K [01;36m[Knote: [m[K  template argument deduction/substitution failed:
[01m[K/home/matt/catkin_ws/src/path_gen/src/read_stereo.cpp:23:19:[m[K [01;36m[Knote: [m[K  candidate expects 3 arguments, 2 provided
   23 |         img.at(i,j[01;36m[K)[m[K = static_cast<uint8_t>((pcl_cloud.at(j,i).z/18) * 255);
      |                   [01;36m[K^[m[K
In file included from [01m[K/usr/include/opencv4/opencv2/core.hpp:59[m[K,
                 from [01m[K/usr/include/opencv4/opencv2/opencv.hpp:52[m[K,
                 from [01m[K/home/matt/catkin_ws/src/path_gen/src/read_stereo.cpp:6[m[K:
[01m[K/usr/include/opencv4/opencv2/core/mat.hpp:1943:33:[m[K [01;36m[Knote: [m[Kcandidate: â€˜[01m[Ktemplate<class _Tp> _Tp& cv::Mat::at(const int*)[m[Kâ€™
 1943 |     template<typename _Tp> _Tp& [01;36m[Kat[m[K(const int* idx);
      |                                 [01;36m[K^~[m[K
[01m[K/usr/include/opencv4/opencv2/core/mat.hpp:1943:33:[m[K [01;36m[Knote: [m[K  template argument deduction/substitution failed:
[01m[K/home/matt/catkin_ws/src/path_gen/src/read_stereo.cpp:23:19:[m[K [01;36m[Knote: [m[K  candidate expects 1 argument, 2 provided
   23 |         img.at(i,j[01;36m[K)[m[K = static_cast<uint8_t>((pcl_cloud.at(j,i).z/18) * 255);
      |                   [01;36m[K^[m[K
In file included from [01m[K/usr/include/opencv4/opencv2/core.hpp:59[m[K,
                 from [01m[K/usr/include/opencv4/opencv2/opencv.hpp:52[m[K,
                 from [01m[K/home/matt/catkin_ws/src/path_gen/src/read_stereo.cpp:6[m[K:
[01m[K/usr/include/opencv4/opencv2/core/mat.hpp:1947:39:[m[K [01;36m[Knote: [m[Kcandidate: â€˜[01m[Ktemplate<class _Tp> const _Tp& cv::Mat::at(const int*) const[m[Kâ€™
 1947 |     template<typename _Tp> const _Tp& [01;36m[Kat[m[K(const int* idx) const;
      |                                       [01;36m[K^~[m[K
[01m[K/usr/include/opencv4/opencv2/core/mat.hpp:1947:39:[m[K [01;36m[Knote: [m[K  template argument deduction/substitution failed:
[01m[K/home/matt/catkin_ws/src/path_gen/src/read_stereo.cpp:23:19:[m[K [01;36m[Knote: [m[K  candidate expects 1 argument, 2 provided
   23 |         img.at(i,j[01;36m[K)[m[K = static_cast<uint8_t>((pcl_cloud.at(j,i).z/18) * 255);
      |                   [01;36m[K^[m[K
In file included from [01m[K/usr/include/opencv4/opencv2/core.hpp:59[m[K,
                 from [01m[K/usr/include/opencv4/opencv2/opencv.hpp:52[m[K,
                 from [01m[K/home/matt/catkin_ws/src/path_gen/src/read_stereo.cpp:6[m[K:
[01m[K/usr/include/opencv4/opencv2/core/mat.hpp:1950:40:[m[K [01;36m[Knote: [m[Kcandidate: â€˜[01m[Ktemplate<class _Tp, int n> _Tp& cv::Mat::at(const cv::Vec<int, n>&)[m[Kâ€™
 1950 |     template<typename _Tp, int n> _Tp& [01;36m[Kat[m[K(const Vec<int, n>& idx);
      |                                        [01;36m[K^~[m[K
[01m[K/usr/include/opencv4/opencv2/core/mat.hpp:1950:40:[m[K [01;36m[Knote: [m[K  template argument deduction/substitution failed:
[01m[K/home/matt/catkin_ws/src/path_gen/src/read_stereo.cpp:23:19:[m[K [01;36m[Knote: [m[K  mismatched types â€˜[01m[Kconst cv::Vec<int, n>[m[Kâ€™ and â€˜[01m[Kint[m[Kâ€™
   23 |         img.at(i,j[01;36m[K)[m[K = static_cast<uint8_t>((pcl_cloud.at(j,i).z/18) * 255);
      |                   [01;36m[K^[m[K
In file included from [01m[K/usr/include/opencv4/opencv2/core.hpp:59[m[K,
                 from [01m[K/usr/include/opencv4/opencv2/opencv.hpp:52[m[K,
                 from [01m[K/home/matt/catkin_ws/src/path_gen/src/read_stereo.cpp:6[m[K:
[01m[K/usr/include/opencv4/opencv2/core/mat.hpp:1952:46:[m[K [01;36m[Knote: [m[Kcandidate: â€˜[01m[Ktemplate<class _Tp, int n> const _Tp& cv::Mat::at(const cv::Vec<int, n>&) const[m[Kâ€™
 1952 |     template<typename _Tp, int n> const _Tp& [01;36m[Kat[m[K(const Vec<int, n>& idx) const;
      |                                              [01;36m[K^~[m[K
[01m[K/usr/include/opencv4/opencv2/core/mat.hpp:1952:46:[m[K [01;36m[Knote: [m[K  template argument deduction/substitution failed:
[01m[K/home/matt/catkin_ws/src/path_gen/src/read_stereo.cpp:23:19:[m[K [01;36m[Knote: [m[K  mismatched types â€˜[01m[Kconst cv::Vec<int, n>[m[Kâ€™ and â€˜[01m[Kint[m[Kâ€™
   23 |         img.at(i,j[01;36m[K)[m[K = static_cast<uint8_t>((pcl_cloud.at(j,i).z/18) * 255);
      |                   [01;36m[K^[m[K
In file included from [01m[K/usr/include/opencv4/opencv2/core.hpp:59[m[K,
                 from [01m[K/usr/include/opencv4/opencv2/opencv.hpp:52[m[K,
                 from [01m[K/home/matt/catkin_ws/src/path_gen/src/read_stereo.cpp:6[m[K:
[01m[K/usr/include/opencv4/opencv2/core/mat.hpp:1958:33:[m[K [01;36m[Knote: [m[Kcandidate: â€˜[01m[Ktemplate<class _Tp> _Tp& cv::Mat::at(cv::Point)[m[Kâ€™
 1958 |     template<typename _Tp> _Tp& [01;36m[Kat[m[K(Point pt);
      |                                 [01;36m[K^~[m[K
[01m[K/usr/include/opencv4/opencv2/core/mat.hpp:1958:33:[m[K [01;36m[Knote: [m[K  template argument deduction/substitution failed:
[01m[K/home/matt/catkin_ws/src/path_gen/src/read_stereo.cpp:23:19:[m[K [01;36m[Knote: [m[K  candidate expects 1 argument, 2 provided
   23 |         img.at(i,j[01;36m[K)[m[K = static_cast<uint8_t>((pcl_cloud.at(j,i).z/18) * 255);
      |                   [01;36m[K^[m[K
In file included from [01m[K/usr/include/opencv4/opencv2/core.hpp:59[m[K,
                 from [01m[K/usr/include/opencv4/opencv2/opencv.hpp:52[m[K,
                 from [01m[K/home/matt/catkin_ws/src/path_gen/src/read_stereo.cpp:6[m[K:
[01m[K/usr/include/opencv4/opencv2/core/mat.hpp:1963:39:[m[K [01;36m[Knote: [m[Kcandidate: â€˜[01m[Ktemplate<class _Tp> const _Tp& cv::Mat::at(cv::Point) const[m[Kâ€™
 1963 |     template<typename _Tp> const _Tp& [01;36m[Kat[m[K(Point pt) const;
      |                                       [01;36m[K^~[m[K
[01m[K/usr/include/opencv4/opencv2/core/mat.hpp:1963:39:[m[K [01;36m[Knote: [m[K  template argument deduction/substitution failed:
[01m[K/home/matt/catkin_ws/src/path_gen/src/read_stereo.cpp:23:19:[m[K [01;36m[Knote: [m[K  candidate expects 1 argument, 2 provided
   23 |         img.at(i,j[01;36m[K)[m[K = static_cast<uint8_t>((pcl_cloud.at(j,i).z/18) * 255);
      |                   [01;36m[K^[m[K
[01m[K/home/matt/catkin_ws/src/path_gen/src/read_stereo.cpp:27:13:[m[K [01;31m[Kerror: [m[Kâ€˜[01m[KwaitKey[m[Kâ€™ was not declared in this scope; did you mean â€˜[01m[Kcv::waitKey[m[Kâ€™?
   27 |     int k = [01;31m[KwaitKey[m[K(0);
      |             [01;31m[K^~~~~~~[m[K
      |             [32m[Kcv::waitKey[m[K
In file included from [01m[K/usr/include/opencv4/opencv2/opencv.hpp:68[m[K,
                 from [01m[K/home/matt/catkin_ws/src/path_gen/src/read_stereo.cpp:6[m[K:
[01m[K/usr/include/opencv4/opencv2/highgui.hpp:354:18:[m[K [01;36m[Knote: [m[Kâ€˜[01m[Kcv::waitKey[m[Kâ€™ declared here
  354 | CV_EXPORTS_W int [01;36m[KwaitKey[m[K(int delay = 0);
      |                  [01;36m[K^~~~~~~[m[K
make[2]: *** [CMakeFiles/read_stereo.dir/build.make:63: CMakeFiles/read_stereo.dir/src/read_stereo.cpp.o] Error 1
make[1]: *** [CMakeFiles/Makefile2:488: CMakeFiles/read_stereo.dir/all] Error 2
make: *** [Makefile:141: all] Error 2
