[01m[K/home/matt/catkin_ws/src/path_gen/src/read_stereo.cpp:[m[K In function â€˜[01m[Kvoid cloud_cb(const PointCloud2ConstPtr&)[m[Kâ€™:
[01m[K/home/matt/catkin_ws/src/path_gen/src/read_stereo.cpp:22:5:[m[K [01;31m[Kerror: [m[Kâ€˜[01m[Kofstream[m[Kâ€™ was not declared in this scope
   22 |     [01;31m[Kofstream[m[K out("img.txt");
      |     [01;31m[K^~~~~~~~[m[K
[01m[K/home/matt/catkin_ws/src/path_gen/src/read_stereo.cpp:22:5:[m[K [01;36m[Knote: [m[Ksuggested alternatives:
In file included from [01m[K/usr/include/c++/9/bits/localefwd.h:41[m[K,
                 from [01m[K/usr/include/c++/9/string:43[m[K,
                 from [01m[K/opt/ros/noetic/include/ros/platform.h:38[m[K,
                 from [01m[K/opt/ros/noetic/include/ros/time.h:53[m[K,
                 from [01m[K/opt/ros/noetic/include/ros/ros.h:38[m[K,
                 from [01m[K/home/matt/catkin_ws/src/path_gen/src/read_stereo.cpp:1[m[K:
[01m[K/usr/include/c++/9/iosfwd:165:34:[m[K [01;36m[Knote: [m[K  â€˜[01m[Kstd::ofstream[m[Kâ€™
  165 |   typedef basic_ofstream<char>   [01;36m[Kofstream[m[K;
      |                                  [01;36m[K^~~~~~~~[m[K
In file included from [01m[K/usr/include/boost/filesystem/string_file.hpp:14[m[K,
                 from [01m[K/usr/include/boost/filesystem.hpp:19[m[K,
                 from [01m[K/usr/include/pcl-1.10/pcl/io/boost.h:48[m[K,
                 from [01m[K/usr/include/pcl-1.10/pcl/io/file_io.h:42[m[K,
                 from [01m[K/usr/include/pcl-1.10/pcl/io/pcd_io.h:44[m[K,
                 from [01m[K/opt/ros/noetic/include/pcl_conversions/pcl_conversions.h:70[m[K,
                 from [01m[K/home/matt/catkin_ws/src/path_gen/src/read_stereo.cpp:3[m[K:
[01m[K/usr/include/boost/filesystem/fstream.hpp:176:32:[m[K [01;36m[Knote: [m[K  â€˜[01m[Kboost::filesystem::ofstream[m[Kâ€™
  176 |   typedef basic_ofstream<char> [01;36m[Kofstream[m[K;
      |                                [01;36m[K^~~~~~~~[m[K
[01m[K/home/matt/catkin_ws/src/path_gen/src/read_stereo.cpp:23:5:[m[K [01;31m[Kerror: [m[Kâ€˜[01m[Kout[m[Kâ€™ was not declared in this scope
   23 |     [01;31m[Kout[m[K << "[";
      |     [01;31m[K^~~[m[K
make[2]: *** [CMakeFiles/read_stereo.dir/build.make:63: CMakeFiles/read_stereo.dir/src/read_stereo.cpp.o] Error 1
make[1]: *** [CMakeFiles/Makefile2:488: CMakeFiles/read_stereo.dir/all] Error 2
make: *** [Makefile:141: all] Error 2
